==1484== Memcheck, a memory error detector
==1484== Copyright (C) 2002-2017, and GNU GPL'd, by Julian Seward et al.
==1484== Using Valgrind-3.15.0 and LibVEX; rerun with -h for copyright info
==1484== Command: ./server 5003
==1484== Parent PID: 1138
==1484== 
==1484== 
==1484== Process terminating with default action of signal 2 (SIGINT)
==1484==    at 0x4B3B4FF: accept (accept.c:26)
==1484==    by 0x109549: main (in /home/vagrant/os-challenge-common/os-challenge-holycow/server)
==1484== 
==1484== HEAP SUMMARY:
==1484==     in use at exit: 2,288 bytes in 27 blocks
==1484==   total heap usage: 108 allocs, 81 frees, 5,652 bytes allocated
==1484== 
==1484== 16 bytes in 1 blocks are still reachable in loss record 1 of 3
==1484==    at 0x483B7F3: malloc (in /usr/lib/x86_64-linux-gnu/valgrind/vgpreload_memcheck-amd64-linux.so)
==1484==    by 0x1099F1: createQueue (in /home/vagrant/os-challenge-common/os-challenge-holycow/server)
==1484==    by 0x109424: main (in /home/vagrant/os-challenge-common/os-challenge-holycow/server)
==1484== 
==1484== 640 bytes in 20 blocks are definitely lost in loss record 2 of 3
==1484==    at 0x483DD99: calloc (in /usr/lib/x86_64-linux-gnu/valgrind/vgpreload_memcheck-amd64-linux.so)
==1484==    by 0x109934: getRequest (in /home/vagrant/os-challenge-common/os-challenge-holycow/server)
==1484==    by 0x109AA2: enqueue (in /home/vagrant/os-challenge-common/os-challenge-holycow/server)
==1484==    by 0x109531: main (in /home/vagrant/os-challenge-common/os-challenge-holycow/server)
==1484== 
==1484== 1,632 bytes in 6 blocks are possibly lost in loss record 3 of 3
==1484==    at 0x483DD99: calloc (in /usr/lib/x86_64-linux-gnu/valgrind/vgpreload_memcheck-amd64-linux.so)
==1484==    by 0x40149DA: allocate_dtv (dl-tls.c:286)
==1484==    by 0x40149DA: _dl_allocate_tls (dl-tls.c:532)
==1484==    by 0x4B31322: allocate_stack (allocatestack.c:622)
==1484==    by 0x4B31322: pthread_create@@GLIBC_2.2.5 (pthread_create.c:660)
==1484==    by 0x10943B: main (in /home/vagrant/os-challenge-common/os-challenge-holycow/server)
==1484== 
==1484== LEAK SUMMARY:
==1484==    definitely lost: 640 bytes in 20 blocks
==1484==    indirectly lost: 0 bytes in 0 blocks
==1484==      possibly lost: 1,632 bytes in 6 blocks
==1484==    still reachable: 16 bytes in 1 blocks
==1484==         suppressed: 0 bytes in 0 blocks
==1484== 
==1484== For lists of detected and suppressed errors, rerun with: -s
==1484== ERROR SUMMARY: 2 errors from 2 contexts (suppressed: 0 from 0)
